<?xml version="1.0" encoding="UTF-8"?>
<!-- Generated by org.testng.reporters.JUnitReportReporter -->
<testsuite hostname="DESKTOP-43JB7IB" failures="0" tests="2" name="orangeHRMTests.siteReconExcalidrawDownload" time="16.061" errors="0" timestamp="2022-07-29T03:32:42 IST" skipped="0">
  <testcase classname="orangeHRMTests.siteReconExcalidrawDownload" name="loginWithValidCredentials" time="5.658"/>
  <system-out/>
  <testcase classname="orangeHRMTests.siteReconExcalidrawDownload" name="exportTheImage" time="10.403"/>
  <system-out/>
</testsuite> <!-- orangeHRMTests.siteReconExcalidrawDownload -->
