<?xml version="1.0" encoding="UTF-8"?>
<!-- Generated by org.testng.reporters.JUnitReportReporter -->
<testsuite hostname="DESKTOP-43JB7IB" failures="0" tests="1" name="testScenarios.MakeMyTripLoginTest" time="12.833" errors="0" timestamp="2022-07-01T10:41:11 IST" skipped="0">
  <testcase classname="testScenarios.MakeMyTripLoginTest" name="loginWithValidCredentials" time="12.833"/>
  <system-out/>
</testsuite> <!-- testScenarios.MakeMyTripLoginTest -->
