<?xml version="1.0" encoding="UTF-8"?>
<!-- Generated by org.testng.reporters.JUnitReportReporter -->
<testsuite hostname="DESKTOP-43JB7IB" failures="0" tests="1" name="testScenarios.testMethodGoogleSearchByExcel" time="6.809" errors="0" timestamp="2022-05-11T12:30:12 IST" skipped="0">
  <testcase classname="testScenarios.testMethodGoogleSearchByExcel" name="readExcelFile" time="6.809"/>
  <system-out/>
</testsuite> <!-- testScenarios.testMethodGoogleSearchByExcel -->
