<?xml version="1.0" encoding="UTF-8"?>
<!-- Generated by org.testng.reporters.JUnitReportReporter -->
<testsuite hostname="DESKTOP-43JB7IB" failures="0" tests="2" name="orangeHRMTests.OrangeHRMLoginTest" time="10.335" errors="0" timestamp="2022-07-29T04:09:04 IST" skipped="0">
  <testcase classname="orangeHRMTests.OrangeHRMLoginTest" name="loginWithValidCredentials" time="3.658"/>
  <system-out/>
  <testcase classname="orangeHRMTests.OrangeHRMLoginTest" name="verifyTheResctangleDrawn" time="6.677"/>
  <system-out/>
</testsuite> <!-- orangeHRMTests.OrangeHRMLoginTest -->
