<?xml version="1.0" encoding="UTF-8"?>
<!-- Generated by org.testng.reporters.JUnitReportReporter -->
<testsuite hostname="DESKTOP-43JB7IB" failures="0" tests="3" name="testScenarios.testMethodsGoogleSearch" time="6.308" errors="0" timestamp="2022-05-08T10:12:01 IST" skipped="0">
  <testcase classname="testScenarios.testMethodsGoogleSearch" name="searchOperation" time="2.109"/>
  <system-out/>
  <testcase classname="testScenarios.testMethodsGoogleSearch" name="searchOperation" time="2.094"/>
  <system-out/>
  <testcase classname="testScenarios.testMethodsGoogleSearch" name="searchOperation" time="2.105"/>
  <system-out/>
</testsuite> <!-- testScenarios.testMethodsGoogleSearch -->
