<?xml version="1.0" encoding="UTF-8"?>
<!-- Generated by org.testng.reporters.JUnitReportReporter -->
<testsuite hostname="DESKTOP-43JB7IB" failures="0" tests="2" name="orangeHRMTests.siteReconExcalidrawTest" time="8.934" errors="0" timestamp="2022-07-28T11:15:47 IST" skipped="0">
  <testcase classname="orangeHRMTests.siteReconExcalidrawTest" name="loginWithValidCredentials" time="5.609"/>
  <system-out/>
  <testcase classname="orangeHRMTests.siteReconExcalidrawTest" name="deleteTheDraw" time="3.325"/>
  <system-out/>
</testsuite> <!-- orangeHRMTests.siteReconExcalidrawTest -->
